<?xml version="1.0" encoding="UTF-8"?>
<!-- Generated by org.testng.reporters.JUnitXMLReporter -->
<testsuite ignored="4" hostname="wishponds-MacBook-Pro.local" failures="2" tests="3" name="Test" time="7.357" errors="0" timestamp="2023-08-08T00:07:18 IST">
  <testcase classname="testcases2.TC01_verifyURL" name="verifyURL" time="0.018"/>
  <testcase classname="testcases2.TC02_SigninviaGmail" name="SigninPage" time="0.002">
    <failure type="java.lang.NullPointerException">
      <![CDATA[java.lang.NullPointerException
at testcases2.TC02_SigninviaGmail.SigninPage(TC02_SigninviaGmail.java:30)
at java.base/java.util.ArrayList.forEach(ArrayList.java:1541)
... Removed 27 stack frames]]>
    </failure>
  </testcase> <!-- SigninPage -->
  <testcase classname="testcases2.TC03_SearchMerchant" name="searchMerchant" time="0.004">
    <failure type="java.lang.IllegalArgumentException" message="Input must be set">
      <![CDATA[java.lang.IllegalArgumentException: Input must be set
at org.openqa.selenium.internal.Require.nonNull(Require.java:59)
at org.openqa.selenium.support.ui.FluentWait.<init>(FluentWait.java:97)
at org.openqa.selenium.support.ui.WebDriverWait.<init>(WebDriverWait.java:77)
at org.openqa.selenium.support.ui.WebDriverWait.<init>(WebDriverWait.java:46)
at com.learnautomation.helper.Utility.WebElementwait(Utility.java:33)
at com.wp.staging.admin.pages.WPMerchantSearch.searchMerchant(WPMerchantSearch.java:33)
at testcases2.TC03_SearchMerchant.searchMerchant(TC03_SearchMerchant.java:33)
at java.base/java.util.ArrayList.forEach(ArrayList.java:1541)
... Removed 27 stack frames]]>
    </failure>
  </testcase> <!-- searchMerchant -->
  <testcase classname="com.learnautomation.Factory.BaseClass" name="@BeforeTest setupApplication" time="0.0">
    <ignored/>
  </testcase> <!-- @BeforeTest setupApplication -->
  <testcase classname="com.learnautomation.Factory.BaseClass" name="@AfterTest teardown" time="0.0">
    <ignored/>
  </testcase> <!-- @AfterTest teardown -->
  <testcase classname="com.learnautomation.Factory.BaseClass" name="@AfterTest teardown" time="0.0">
    <ignored/>
  </testcase> <!-- @AfterTest teardown -->
  <testcase classname="com.learnautomation.Factory.BaseClass" name="@BeforeTest setupApplication" time="0.0">
    <ignored/>
  </testcase> <!-- @BeforeTest setupApplication -->
</testsuite> <!-- Test -->
